<?xml version="1.0" encoding="UTF-8"?>
<testng-results skipped="0" failed="1" ignored="0" total="1" passed="0">
  <reporter-output>
  </reporter-output>
  <suite name="Default suite" duration-ms="97990" started-at="2020-02-11T23:01:04 IST" finished-at="2020-02-11T23:02:42 IST">
    <groups>
      <group name="cucumber">
        <method signature="AbstractTestNGCucumberTests.feature(cucumber.api.testng.CucumberFeatureWrapper)[pri:0, instance:cucumberOptions.TestRunner@17579e0f]" name="feature" class="cucumber.api.testng.AbstractTestNGCucumberTests"/>
      </group> <!-- cucumber -->
    </groups>
    <test name="Default test" duration-ms="97990" started-at="2020-02-11T23:01:04 IST" finished-at="2020-02-11T23:02:42 IST">
      <class name="cucumberOptions.TestRunner">
        <test-method status="PASS" signature="setUpClass()[pri:0, instance:cucumberOptions.TestRunner@17579e0f]" name="setUpClass" is-config="true" duration-ms="377" started-at="2020-02-11T23:01:04 IST" finished-at="2020-02-11T23:01:04 IST">
          <reporter-output>
          </reporter-output>
        </test-method> <!-- setUpClass -->
        <test-method status="FAIL" signature="feature(cucumber.api.testng.CucumberFeatureWrapper)[pri:0, instance:cucumberOptions.TestRunner@17579e0f]" name="feature" duration-ms="97403" started-at="2020-02-11T23:01:04 IST" description="Runs Cucumber Feature" data-provider="features" finished-at="2020-02-11T23:02:42 IST">
          <params>
            <param index="0">
              <value>
                <![CDATA[Login into Application]]>
              </value>
            </param>
          </params>
          <exception class="cucumber.runtime.CucumberException">
            <message>
              <![CDATA[org.openqa.selenium.ElementClickInterceptedException: element click intercepted: Element <button style="color: rgb(29, 116, 232); background-color: rgba(29, 116, 232, 0); font-family: &quot;Open Sans&quot;, sans-serif; font-weight: 700; font-style: normal; font-size: 14px; line-height: 1.5; text-shadow: rgba(0, 0, 0, 0) 0px 0px 0px; padding: 0px; margin: 0px; display: block; width: 100%; height: 100%; box-shadow: rgba(0, 0, 0, 0) 0px 0px 0px inset; cursor: pointer;">...</button> is not clickable at point (682, 444). Other element would receive the click: <iframe src="http://hy1.bm4u.net/ui/2.jsp?mid=3&amp;r=0.505866690819301&amp;v=105&amp;d=www.qaclickacademy.com&amp;s=844438&amp;m=3926472&amp;w=1366&amp;h=613&amp;dt=3&amp;REASON=OK_844438_3926472_1581440891230&amp;dsip=27.6.152.243&amp;dsid=844438&amp;DCAS=DCAS-HY-HYD" class="iifr" id="inj_frame" scrolling="no" width="0px" height="0px" frameborder="0" allowtransparency="true" style="width: 720px; height: 440px; border-radius: 12px;"></iframe>
  (Session info: chrome=80.0.3987.87)
Build info: version: '3.141.59', revision: 'e82be7d358', time: '2018-11-14T08:17:03'
System info: host: 'DESKTOP-J6JSICM', ip: '192.168.1.4', os.name: 'Windows 10', os.arch: 'amd64', os.version: '10.0', java.version: '1.8.0_231'
Driver info: org.openqa.selenium.chrome.ChromeDriver
Capabilities {acceptInsecureCerts: false, browserName: chrome, browserVersion: 80.0.3987.87, chrome: {chromedriverVersion: 79.0.3945.36 (3582db32b3389..., userDataDir: C:\Users\Jakir\AppData\Loca...}, goog:chromeOptions: {debuggerAddress: localhost:57855}, javascriptEnabled: true, networkConnectionEnabled: false, pageLoadStrategy: normal, platform: WINDOWS, platformName: WINDOWS, proxy: Proxy(), setWindowRect: true, strictFileInteractability: false, timeouts: {implicit: 0, pageLoad: 300000, script: 30000}, unhandledPromptBehavior: dismiss and notify}
Session ID: 5a1a9deb039eac4677b1f209122d20f2]]>
            </message>
            <full-stacktrace>
              <![CDATA[cucumber.runtime.CucumberException: org.openqa.selenium.ElementClickInterceptedException: element click intercepted: Element <button style="color: rgb(29, 116, 232); background-color: rgba(29, 116, 232, 0); font-family: &quot;Open Sans&quot;, sans-serif; font-weight: 700; font-style: normal; font-size: 14px; line-height: 1.5; text-shadow: rgba(0, 0, 0, 0) 0px 0px 0px; padding: 0px; margin: 0px; display: block; width: 100%; height: 100%; box-shadow: rgba(0, 0, 0, 0) 0px 0px 0px inset; cursor: pointer;">...</button> is not clickable at point (682, 444). Other element would receive the click: <iframe src="http://hy1.bm4u.net/ui/2.jsp?mid=3&amp;r=0.505866690819301&amp;v=105&amp;d=www.qaclickacademy.com&amp;s=844438&amp;m=3926472&amp;w=1366&amp;h=613&amp;dt=3&amp;REASON=OK_844438_3926472_1581440891230&amp;dsip=27.6.152.243&amp;dsid=844438&amp;DCAS=DCAS-HY-HYD" class="iifr" id="inj_frame" scrolling="no" width="0px" height="0px" frameborder="0" allowtransparency="true" style="width: 720px; height: 440px; border-radius: 12px;"></iframe>
  (Session info: chrome=80.0.3987.87)
Build info: version: '3.141.59', revision: 'e82be7d358', time: '2018-11-14T08:17:03'
System info: host: 'DESKTOP-J6JSICM', ip: '192.168.1.4', os.name: 'Windows 10', os.arch: 'amd64', os.version: '10.0', java.version: '1.8.0_231'
Driver info: org.openqa.selenium.chrome.ChromeDriver
Capabilities {acceptInsecureCerts: false, browserName: chrome, browserVersion: 80.0.3987.87, chrome: {chromedriverVersion: 79.0.3945.36 (3582db32b3389..., userDataDir: C:\Users\Jakir\AppData\Loca...}, goog:chromeOptions: {debuggerAddress: localhost:57855}, javascriptEnabled: true, networkConnectionEnabled: false, pageLoadStrategy: normal, platform: WINDOWS, platformName: WINDOWS, proxy: Proxy(), setWindowRect: true, strictFileInteractability: false, timeouts: {implicit: 0, pageLoad: 300000, script: 30000}, unhandledPromptBehavior: dismiss and notify}
Session ID: 5a1a9deb039eac4677b1f209122d20f2
at cucumber.api.testng.TestNGCucumberRunner.runCucumber(TestNGCucumberRunner.java:69)
at cucumber.api.testng.AbstractTestNGCucumberTests.feature(AbstractTestNGCucumberTests.java:21)
at sun.reflect.NativeMethodAccessorImpl.invoke0(Native Method)
at sun.reflect.NativeMethodAccessorImpl.invoke(NativeMethodAccessorImpl.java:62)
at sun.reflect.DelegatingMethodAccessorImpl.invoke(DelegatingMethodAccessorImpl.java:43)
at java.lang.reflect.Method.invoke(Method.java:498)
at org.testng.internal.MethodInvocationHelper.invokeMethod(MethodInvocationHelper.java:134)
at org.testng.internal.TestInvoker.invokeMethod(TestInvoker.java:597)
at org.testng.internal.TestInvoker.invokeTestMethod(TestInvoker.java:173)
at org.testng.internal.MethodRunner.runInSequence(MethodRunner.java:46)
at org.testng.internal.TestInvoker$MethodInvocationAgent.invoke(TestInvoker.java:816)
at org.testng.internal.TestInvoker.invokeTestMethods(TestInvoker.java:146)
at org.testng.internal.TestMethodWorker.invokeTestMethods(TestMethodWorker.java:146)
at org.testng.internal.TestMethodWorker.run(TestMethodWorker.java:128)
at java.util.ArrayList.forEach(ArrayList.java:1257)
at org.testng.TestRunner.privateRun(TestRunner.java:766)
at org.testng.TestRunner.run(TestRunner.java:587)
at org.testng.SuiteRunner.runTest(SuiteRunner.java:384)
at org.testng.SuiteRunner.runSequentially(SuiteRunner.java:378)
at org.testng.SuiteRunner.privateRun(SuiteRunner.java:337)
at org.testng.SuiteRunner.run(SuiteRunner.java:286)
at org.testng.SuiteRunnerWorker.runSuite(SuiteRunnerWorker.java:53)
at org.testng.SuiteRunnerWorker.run(SuiteRunnerWorker.java:96)
at org.testng.TestNG.runSuitesSequentially(TestNG.java:1187)
at org.testng.TestNG.runSuitesLocally(TestNG.java:1109)
at org.testng.TestNG.runSuites(TestNG.java:1039)
at org.testng.TestNG.run(TestNG.java:1007)
at org.testng.remote.AbstractRemoteTestNG.run(AbstractRemoteTestNG.java:115)
at org.testng.remote.RemoteTestNG.initAndRun(RemoteTestNG.java:251)
at org.testng.remote.RemoteTestNG.main(RemoteTestNG.java:77)
Caused by: org.openqa.selenium.ElementClickInterceptedException: element click intercepted: Element <button style="color: rgb(29, 116, 232); background-color: rgba(29, 116, 232, 0); font-family: &quot;Open Sans&quot;, sans-serif; font-weight: 700; font-style: normal; font-size: 14px; line-height: 1.5; text-shadow: rgba(0, 0, 0, 0) 0px 0px 0px; padding: 0px; margin: 0px; display: block; width: 100%; height: 100%; box-shadow: rgba(0, 0, 0, 0) 0px 0px 0px inset; cursor: pointer;">...</button> is not clickable at point (682, 444). Other element would receive the click: <iframe src="http://hy1.bm4u.net/ui/2.jsp?mid=3&amp;r=0.505866690819301&amp;v=105&amp;d=www.qaclickacademy.com&amp;s=844438&amp;m=3926472&amp;w=1366&amp;h=613&amp;dt=3&amp;REASON=OK_844438_3926472_1581440891230&amp;dsip=27.6.152.243&amp;dsid=844438&amp;DCAS=DCAS-HY-HYD" class="iifr" id="inj_frame" scrolling="no" width="0px" height="0px" frameborder="0" allowtransparency="true" style="width: 720px; height: 440px; border-radius: 12px;"></iframe>
  (Session info: chrome=80.0.3987.87)
Build info: version: '3.141.59', revision: 'e82be7d358', time: '2018-11-14T08:17:03'
System info: host: 'DESKTOP-J6JSICM', ip: '192.168.1.4', os.name: 'Windows 10', os.arch: 'amd64', os.version: '10.0', java.version: '1.8.0_231'
Driver info: org.openqa.selenium.chrome.ChromeDriver
Capabilities {acceptInsecureCerts: false, browserName: chrome, browserVersion: 80.0.3987.87, chrome: {chromedriverVersion: 79.0.3945.36 (3582db32b3389..., userDataDir: C:\Users\Jakir\AppData\Loca...}, goog:chromeOptions: {debuggerAddress: localhost:57855}, javascriptEnabled: true, networkConnectionEnabled: false, pageLoadStrategy: normal, platform: WINDOWS, platformName: WINDOWS, proxy: Proxy(), setWindowRect: true, strictFileInteractability: false, timeouts: {implicit: 0, pageLoad: 300000, script: 30000}, unhandledPromptBehavior: dismiss and notify}
Session ID: 5a1a9deb039eac4677b1f209122d20f2
at sun.reflect.NativeConstructorAccessorImpl.newInstance0(Native Method)
at sun.reflect.NativeConstructorAccessorImpl.newInstance(NativeConstructorAccessorImpl.java:62)
at sun.reflect.DelegatingConstructorAccessorImpl.newInstance(DelegatingConstructorAccessorImpl.java:45)
at java.lang.reflect.Constructor.newInstance(Constructor.java:423)
at org.openqa.selenium.remote.http.W3CHttpResponseCodec.createException(W3CHttpResponseCodec.java:187)
at org.openqa.selenium.remote.http.W3CHttpResponseCodec.decode(W3CHttpResponseCodec.java:122)
at org.openqa.selenium.remote.http.W3CHttpResponseCodec.decode(W3CHttpResponseCodec.java:49)
at org.openqa.selenium.remote.HttpCommandExecutor.execute(HttpCommandExecutor.java:158)
at org.openqa.selenium.remote.service.DriverCommandExecutor.execute(DriverCommandExecutor.java:83)
at org.openqa.selenium.remote.RemoteWebDriver.execute(RemoteWebDriver.java:552)
at org.openqa.selenium.remote.RemoteWebElement.execute(RemoteWebElement.java:285)
at org.openqa.selenium.remote.RemoteWebElement.click(RemoteWebElement.java:84)
at sun.reflect.NativeMethodAccessorImpl.invoke0(Native Method)
at sun.reflect.NativeMethodAccessorImpl.invoke(NativeMethodAccessorImpl.java:62)
at sun.reflect.DelegatingMethodAccessorImpl.invoke(DelegatingMethodAccessorImpl.java:43)
at java.lang.reflect.Method.invoke(Method.java:498)
at org.openqa.selenium.support.pagefactory.internal.LocatingElementHandler.invoke(LocatingElementHandler.java:51)
at com.sun.proxy.$Proxy18.click(Unknown Source)
at stepDefinations.StepDefination.click_on_Login_link_in_home_page_to_land_on_Secure_sign_in_page(StepDefination.java:32)
at âœ½.And Click on Login link in home page to land on Secure sign in page(Login.feature:5)
]]>
            </full-stacktrace>
          </exception> <!-- cucumber.runtime.CucumberException -->
          <reporter-output>
          </reporter-output>
        </test-method> <!-- feature -->
        <test-method status="PASS" signature="tearDownClass()[pri:0, instance:cucumberOptions.TestRunner@17579e0f]" name="tearDownClass" is-config="true" duration-ms="12" started-at="2020-02-11T23:02:42 IST" finished-at="2020-02-11T23:02:42 IST">
          <reporter-output>
          </reporter-output>
        </test-method> <!-- tearDownClass -->
      </class> <!-- cucumberOptions.TestRunner -->
    </test> <!-- Default test -->
  </suite> <!-- Default suite -->
</testng-results>
